TN:
SF:src\genDiff.js
FN:10,compareValues
FN:23,genDiff
FN:29,(anonymous_2)
FN:61,formatDiff
FNF:4
FNH:3
FNDA:245,compareValues
FNDA:175,genDiff
FNDA:630,(anonymous_2)
FNDA:0,formatDiff
DA:11,245
DA:12,105
DA:14,140
DA:24,175
DA:25,175
DA:26,175
DA:27,175
DA:29,175
DA:30,630
DA:31,630
DA:33,630
DA:34,175
DA:36,455
DA:37,70
DA:40,385
DA:41,385
DA:44,385
DA:45,140
DA:52,245
DA:62,0
LF:20
LH:19
BRDA:11,0,0,105
BRDA:11,0,1,140
BRDA:33,1,0,175
BRDA:33,1,1,455
BRDA:36,2,0,70
BRDA:36,2,1,385
BRDA:44,3,0,140
BRDA:44,3,1,245
BRDA:44,4,0,385
BRDA:44,4,1,175
BRF:10
BRH:10
end_of_record
TN:
SF:src\parsers.js
FN:10,parseFile
FNF:1
FNH:1
FNDA:4,parseFile
DA:11,4
DA:13,4
DA:15,1
DA:18,2
DA:20,1
LF:5
LH:5
BRDA:13,0,0,1
BRDA:13,0,1,1
BRDA:13,0,2,2
BRDA:13,0,3,1
BRF:4
BRH:4
end_of_record
TN:
SF:src\formatters\index.js
FN:16,getFormatter
FNF:1
FNH:1
FNDA:4,getFormatter
DA:5,1
DA:17,4
DA:18,4
DA:19,1
DA:21,3
LF:5
LH:5
BRDA:18,0,0,1
BRDA:18,0,1,3
BRF:2
BRH:2
end_of_record
TN:
SF:src\formatters\json.js
FN:6,convertNode
FN:52,formatJson
FN:53,(anonymous_2)
FN:64,formatJsonString
FNF:4
FNH:4
FNDA:162,convertNode
FNDA:45,formatJson
FNDA:162,(anonymous_2)
FNDA:9,formatJsonString
DA:7,162
DA:8,36
DA:9,36
DA:15,126
DA:16,45
DA:22,81
DA:23,18
DA:29,63
DA:30,27
DA:36,36
DA:37,36
DA:44,0
DA:53,45
DA:54,162
DA:55,162
DA:65,9
DA:66,9
LF:17
LH:16
BRDA:7,0,0,36
BRDA:7,0,1,126
BRDA:15,1,0,45
BRDA:15,1,1,81
BRDA:22,2,0,18
BRDA:22,2,1,63
BRDA:29,3,0,27
BRDA:29,3,1,36
BRDA:36,4,0,36
BRDA:36,4,1,0
BRF:10
BRH:9
end_of_record
TN:
SF:src\formatters\plain.js
FN:8,formatValue
FN:30,formatNode
FN:58,formatPlain
FN:60,(anonymous_3)
FN:61,(anonymous_4)
FNF:5
FNH:5
FNDA:117,formatValue
FNDA:162,formatNode
FNDA:45,formatPlain
FNDA:162,(anonymous_3)
FNDA:162,(anonymous_4)
DA:9,117
DA:10,27
DA:12,90
DA:13,18
DA:15,72
DA:16,63
DA:18,9
DA:19,9
DA:21,0
DA:31,162
DA:33,162
DA:34,36
DA:37,126
DA:38,45
DA:40,81
DA:41,18
DA:43,63
DA:44,27
DA:46,36
DA:47,36
DA:49,0
DA:59,45
DA:60,162
DA:61,162
DA:63,45
LF:25
LH:23
BRDA:9,0,0,27
BRDA:9,0,1,90
BRDA:9,1,0,117
BRDA:9,1,1,27
BRDA:12,2,0,18
BRDA:12,2,1,72
BRDA:15,3,0,63
BRDA:15,3,1,9
BRDA:18,4,0,9
BRDA:18,4,1,0
BRDA:31,5,0,126
BRDA:31,5,1,36
BRDA:33,6,0,36
BRDA:33,6,1,126
BRDA:37,7,0,45
BRDA:37,7,1,81
BRDA:40,8,0,18
BRDA:40,8,1,63
BRDA:43,9,0,27
BRDA:43,9,1,36
BRDA:46,10,0,36
BRDA:46,10,1,0
BRDA:58,11,0,9
BRF:23
BRH:21
end_of_record
TN:
SF:src\formatters\stylish.js
FN:8,formatPrimitiveValue
FN:24,formatNode
FN:26,(anonymous_2)
FN:27,(anonymous_3)
FN:28,(anonymous_4)
FN:89,formatObjectInline
FN:90,(anonymous_6)
FN:105,formatStylish
FN:106,(anonymous_8)
FNF:9
FNH:9
FNDA:96,formatPrimitiveValue
FNDA:108,formatNode
FNDA:48,(anonymous_2)
FNDA:84,(anonymous_3)
FNDA:12,(anonymous_4)
FNDA:12,formatObjectInline
FNDA:18,(anonymous_6)
FNDA:30,formatStylish
FNDA:108,(anonymous_8)
DA:9,96
DA:10,12
DA:12,84
DA:13,12
DA:15,72
DA:25,108
DA:26,108
DA:27,108
DA:28,108
DA:30,108
DA:31,24
DA:32,24
DA:39,84
DA:41,84
DA:43,30
DA:44,12
DA:45,12
DA:51,18
DA:54,54
DA:55,12
DA:58,42
DA:59,18
DA:62,24
DA:63,24
DA:66,24
DA:67,0
DA:68,0
DA:76,24
DA:77,24
DA:80,0
DA:90,12
DA:91,18
DA:94,18
DA:96,12
DA:106,108
DA:109,30
DA:110,6
DA:113,24
LF:38
LH:35
BRDA:9,0,0,12
BRDA:9,0,1,84
BRDA:9,1,0,96
BRDA:9,1,1,12
BRDA:12,2,0,12
BRDA:12,2,1,72
BRDA:30,3,0,24
BRDA:30,3,1,84
BRDA:41,4,0,30
BRDA:41,4,1,54
BRDA:43,5,0,12
BRDA:43,5,1,18
BRDA:54,6,0,12
BRDA:54,6,1,42
BRDA:58,7,0,18
BRDA:58,7,1,24
BRDA:62,8,0,24
BRDA:62,8,1,0
BRDA:66,9,0,0
BRDA:66,9,1,24
BRDA:91,10,0,6
BRDA:91,10,1,12
BRDA:91,11,0,18
BRDA:91,11,1,6
BRDA:105,12,0,6
BRDA:109,13,0,6
BRDA:109,13,1,24
BRF:27
BRH:25
end_of_record
