TN:
SF:src\genDiff.js
FN:10,compareValues
FN:23,genDiff
FN:29,(anonymous_2)
FN:61,formatDiff
FNF:4
FNH:3
FNDA:182,compareValues
FNDA:130,genDiff
FNDA:468,(anonymous_2)
FNDA:0,formatDiff
DA:11,182
DA:12,78
DA:14,104
DA:24,130
DA:25,130
DA:26,130
DA:27,130
DA:29,130
DA:30,468
DA:31,468
DA:33,468
DA:34,130
DA:36,338
DA:37,52
DA:40,286
DA:41,286
DA:44,286
DA:45,104
DA:52,182
DA:62,0
LF:20
LH:19
BRDA:11,0,0,78
BRDA:11,0,1,104
BRDA:33,1,0,130
BRDA:33,1,1,338
BRDA:36,2,0,52
BRDA:36,2,1,286
BRDA:44,3,0,104
BRDA:44,3,1,182
BRDA:44,4,0,286
BRDA:44,4,1,130
BRF:10
BRH:10
end_of_record
TN:
SF:src\parsers.js
FN:10,parseFile
FNF:1
FNH:1
FNDA:4,parseFile
DA:11,4
DA:13,4
DA:15,1
DA:18,2
DA:20,1
LF:5
LH:5
BRDA:13,0,0,1
BRDA:13,0,1,1
BRDA:13,0,2,2
BRDA:13,0,3,1
BRF:4
BRH:4
end_of_record
TN:
SF:src\formatters\index.js
FN:14,getFormatter
FNF:1
FNH:1
FNDA:3,getFormatter
DA:4,1
DA:15,3
DA:16,3
DA:17,1
DA:19,2
LF:5
LH:5
BRDA:16,0,0,1
BRDA:16,0,1,2
BRF:2
BRH:2
end_of_record
TN:
SF:src\formatters\plain.js
FN:8,formatValue
FN:30,formatNode
FN:58,formatPlain
FN:60,(anonymous_3)
FN:61,(anonymous_4)
FNF:5
FNH:5
FNDA:117,formatValue
FNDA:162,formatNode
FNDA:45,formatPlain
FNDA:162,(anonymous_3)
FNDA:162,(anonymous_4)
DA:9,117
DA:10,27
DA:12,90
DA:13,18
DA:15,72
DA:16,63
DA:18,9
DA:19,9
DA:21,0
DA:31,162
DA:33,162
DA:34,36
DA:37,126
DA:38,45
DA:40,81
DA:41,18
DA:43,63
DA:44,27
DA:46,36
DA:47,36
DA:49,0
DA:59,45
DA:60,162
DA:61,162
DA:63,45
LF:25
LH:23
BRDA:9,0,0,27
BRDA:9,0,1,90
BRDA:9,1,0,117
BRDA:9,1,1,27
BRDA:12,2,0,18
BRDA:12,2,1,72
BRDA:15,3,0,63
BRDA:15,3,1,9
BRDA:18,4,0,9
BRDA:18,4,1,0
BRDA:31,5,0,126
BRDA:31,5,1,36
BRDA:33,6,0,36
BRDA:33,6,1,126
BRDA:37,7,0,45
BRDA:37,7,1,81
BRDA:40,8,0,18
BRDA:40,8,1,63
BRDA:43,9,0,27
BRDA:43,9,1,36
BRDA:46,10,0,36
BRDA:46,10,1,0
BRDA:58,11,0,9
BRF:23
BRH:21
end_of_record
TN:
SF:src\formatters\stylish.js
FN:8,formatValue
FN:24,formatNode
FN:26,(anonymous_2)
FN:27,(anonymous_3)
FN:64,formatStylish
FN:65,(anonymous_5)
FNF:6
FNH:6
FNDA:108,formatValue
FNDA:108,formatNode
FNDA:48,(anonymous_2)
FNDA:84,(anonymous_3)
FNDA:30,formatStylish
FNDA:108,(anonymous_5)
DA:9,108
DA:10,24
DA:12,84
DA:13,12
DA:15,72
DA:25,108
DA:26,108
DA:27,108
DA:29,108
DA:30,24
DA:31,24
DA:38,84
DA:40,84
DA:41,30
DA:43,54
DA:44,12
DA:46,42
DA:47,18
DA:49,24
DA:50,24
DA:55,0
DA:65,108
DA:68,30
DA:69,6
DA:72,24
LF:25
LH:24
BRDA:9,0,0,24
BRDA:9,0,1,84
BRDA:9,1,0,108
BRDA:9,1,1,24
BRDA:12,2,0,12
BRDA:12,2,1,72
BRDA:29,3,0,24
BRDA:29,3,1,84
BRDA:40,4,0,30
BRDA:40,4,1,54
BRDA:43,5,0,12
BRDA:43,5,1,42
BRDA:46,6,0,18
BRDA:46,6,1,24
BRDA:49,7,0,24
BRDA:49,7,1,0
BRDA:64,8,0,6
BRDA:68,9,0,6
BRDA:68,9,1,24
BRF:19
BRH:18
end_of_record
